2016/08/31 05:43:45 heroku-cli/5.2.39-010a227 (linux-amd64) go1.6.2 /home/ubuntu/.local/share/heroku/cli/bin/heroku cmd: version
2016/08/31 05:43:45 triggering background update
2016/08/31 05:43:45 heroku-cli/5.2.39-010a227 (linux-amd64) go1.6.2 /home/ubuntu/.local/share/heroku/cli/bin/heroku cmd: update
2016/08/31 05:43:45 heroku-cli/5.2.39-010a227 (linux-amd64) go1.6.2 /home/ubuntu/.local/share/heroku/cli/bin/heroku cmd: commands
2016/09/16 01:12:00 heroku-cli/5.2.39-010a227 (linux-amd64) go1.6.2 /home/ubuntu/.local/share/heroku/cli/bin/heroku cmd: version
2016/09/16 01:12:00 triggering background update
2016/09/16 01:12:00 heroku-cli/5.2.39-010a227 (linux-amd64) go1.6.2 /home/ubuntu/.local/share/heroku/cli/bin/heroku cmd: update
2016/09/16 01:12:00 heroku-cli/5.2.39-010a227 (linux-amd64) go1.6.2 /home/ubuntu/.local/share/heroku/cli/bin/heroku cmd: commands
2016/09/16 01:12:00 heroku-cli/5.2.39-010a227 (linux-amd64) go1.6.2 /home/ubuntu/.local/share/heroku/cli/bin/heroku cmd: keys:add
2016/09/16 01:12:00 Email: 
2016/09/16 01:12:02 heroku-cli: Updating to 5.3.0-5329fb8...
2016/09/16 01:12:22  ▸    rename /home/ubuntu/.local/share/heroku/cli /home/ubuntu/.local/share/heroku/tmp/404861831/heroku: invalid cross-device link
2016/09/16 01:12:22 rename /home/ubuntu/.local/share/heroku/cli /home/ubuntu/.local/share/heroku/tmp/404861831/heroku: invalid cross-device link

/home/ubuntu/.go_workspace/src/github.com/heroku/cli/io.go:333 (0x41a2ab)
/usr/local/go/src/runtime/asm_amd64.s:472 (0x48dbbe)
/usr/local/go/src/runtime/panic.go:443 (0x45ef09)
/home/ubuntu/.go_workspace/src/github.com/heroku/cli/io.go:189 (0x4190db)
/home/ubuntu/.go_workspace/src/github.com/heroku/cli/update.go:103 (0x428185)
/home/ubuntu/.go_workspace/src/github.com/heroku/cli/update.go:67 (0x42793c)
/home/ubuntu/.go_workspace/src/github.com/heroku/cli/update.go:50 (0x4276a0)
/home/ubuntu/.go_workspace/src/github.com/heroku/cli/update.go:33 (0x42ca65)
/home/ubuntu/.go_workspace/src/github.com/heroku/cli/start.go:70 (0x42579b)
/home/ubuntu/.go_workspace/src/github.com/heroku/cli/main.go:22 (0x41b6e1)
/usr/local/go/src/runtime/proc.go:188 (0x460a20)
/usr/local/go/src/runtime/asm_amd64.s:1998 (0x490291)

2016/09/16 01:13:34 heroku-cli/5.2.39-010a227 (linux-amd64) go1.6.2 /home/ubuntu/.local/share/heroku/cli/bin/heroku cmd: version
2016/09/16 01:13:34 heroku-cli/5.2.39-010a227 (linux-amd64) go1.6.2 /home/ubuntu/.local/share/heroku/cli/bin/heroku cmd: commands
2016/09/16 01:13:34 heroku-cli/5.2.39-010a227 (linux-amd64) go1.6.2 /home/ubuntu/.local/share/heroku/cli/bin/heroku cmd: create
2016/09/16 01:19:54 heroku-cli/5.2.39-010a227 (linux-amd64) go1.6.2 /home/ubuntu/.local/share/heroku/cli/bin/heroku cmd: version
2016/09/16 01:19:54 heroku-cli/5.2.39-010a227 (linux-amd64) go1.6.2 /home/ubuntu/.local/share/heroku/cli/bin/heroku cmd: commands
2016/09/16 01:19:54 heroku-cli/5.2.39-010a227 (linux-amd64) go1.6.2 /home/ubuntu/.local/share/heroku/cli/bin/heroku cmd: create
2016/09/16 01:21:53 heroku-cli/5.2.39-010a227 (linux-amd64) go1.6.2 /home/ubuntu/.local/share/heroku/cli/bin/heroku cmd: version
2016/09/16 01:21:53 heroku-cli/5.2.39-010a227 (linux-amd64) go1.6.2 /home/ubuntu/.local/share/heroku/cli/bin/heroku cmd: commands
2016/09/16 01:21:53 heroku-cli/5.2.39-010a227 (linux-amd64) go1.6.2 /home/ubuntu/.local/share/heroku/cli/bin/heroku cmd: git:remote
2016/09/16 01:21:54 Error: Expected response to be successful, got 404
    at Request.handleFailure (/home/ubuntu/.local/share/heroku/cli/lib/node_modules/heroku-git/node_modules/heroku-client/lib/request.js:240:11)
    at concat.then (/home/ubuntu/.local/share/heroku/cli/lib/node_modules/heroku-git/node_modules/heroku-client/lib/request.js:131:16)
    at process._tickCallback (internal/process/next_tick.js:103:7)
2016/09/16 01:21:54 {"resource":"app","id":"not_found","message":"Couldn't find that app."}
2016/09/16 01:22:25 heroku-cli/5.2.39-010a227 (linux-amd64) go1.6.2 /home/ubuntu/.local/share/heroku/cli/bin/heroku cmd: version
2016/09/16 01:22:25 heroku-cli/5.2.39-010a227 (linux-amd64) go1.6.2 /home/ubuntu/.local/share/heroku/cli/bin/heroku cmd: commands
2016/09/16 01:22:25 heroku-cli/5.2.39-010a227 (linux-amd64) go1.6.2 /home/ubuntu/.local/share/heroku/cli/bin/heroku cmd: git:remote
2016/09/16 01:22:26 Error: Expected response to be successful, got 404
    at Request.handleFailure (/home/ubuntu/.local/share/heroku/cli/lib/node_modules/heroku-git/node_modules/heroku-client/lib/request.js:240:11)
    at concat.then (/home/ubuntu/.local/share/heroku/cli/lib/node_modules/heroku-git/node_modules/heroku-client/lib/request.js:131:16)
    at process._tickCallback (internal/process/next_tick.js:103:7)
2016/09/16 01:22:26 {"resource":"app","id":"not_found","message":"Couldn't find that app."}
2016/09/16 01:24:10 heroku-cli/5.2.39-010a227 (linux-amd64) go1.6.2 /home/ubuntu/.local/share/heroku/cli/bin/heroku cmd: version
2016/09/16 01:24:10 heroku-cli/5.2.39-010a227 (linux-amd64) go1.6.2 /home/ubuntu/.local/share/heroku/cli/bin/heroku cmd: commands
2016/09/16 01:24:10 heroku-cli/5.2.39-010a227 (linux-amd64) go1.6.2 /home/ubuntu/.local/share/heroku/cli/bin/heroku cmd: git:remote
2016/09/16 01:24:11 Error: Expected response to be successful, got 403
    at Request.handleFailure (/home/ubuntu/.local/share/heroku/cli/lib/node_modules/heroku-git/node_modules/heroku-client/lib/request.js:240:11)
    at concat.then (/home/ubuntu/.local/share/heroku/cli/lib/node_modules/heroku-git/node_modules/heroku-client/lib/request.js:131:16)
    at process._tickCallback (internal/process/next_tick.js:103:7)
2016/09/16 01:24:11 {"id":"forbidden","message":"You do not have permission to view on blog. You need to have the view permission on this app."}
2016/09/16 01:25:24 heroku-cli/5.2.39-010a227 (linux-amd64) go1.6.2 /home/ubuntu/.local/share/heroku/cli/bin/heroku cmd: version
2016/09/16 01:25:24 heroku-cli/5.2.39-010a227 (linux-amd64) go1.6.2 /home/ubuntu/.local/share/heroku/cli/bin/heroku cmd: commands
2016/09/16 01:25:24 heroku-cli/5.2.39-010a227 (linux-amd64) go1.6.2 /home/ubuntu/.local/share/heroku/cli/bin/heroku cmd: keys:add
2016/09/16 01:25:37 heroku-cli/5.2.39-010a227 (linux-amd64) go1.6.2 /home/ubuntu/.local/share/heroku/cli/bin/heroku cmd: version
2016/09/16 01:25:37 heroku-cli/5.2.39-010a227 (linux-amd64) go1.6.2 /home/ubuntu/.local/share/heroku/cli/bin/heroku cmd: commands
2016/09/16 01:25:37 heroku-cli/5.2.39-010a227 (linux-amd64) go1.6.2 /home/ubuntu/.local/share/heroku/cli/bin/heroku cmd: git:remote
2016/09/16 01:25:38 Error: Expected response to be successful, got 403
    at Request.handleFailure (/home/ubuntu/.local/share/heroku/cli/lib/node_modules/heroku-git/node_modules/heroku-client/lib/request.js:240:11)
    at concat.then (/home/ubuntu/.local/share/heroku/cli/lib/node_modules/heroku-git/node_modules/heroku-client/lib/request.js:131:16)
    at process._tickCallback (internal/process/next_tick.js:103:7)
2016/09/16 01:25:38 {"id":"forbidden","message":"You do not have permission to view on blog. You need to have the view permission on this app."}
2016/09/27 11:22:14 heroku-cli/5.2.39-010a227 (linux-amd64) go1.6.2 /home/ubuntu/.local/share/heroku/cli/bin/heroku cmd: version
2016/09/27 11:22:14 triggering background update
2016/09/27 11:22:14 heroku-cli/5.2.39-010a227 (linux-amd64) go1.6.2 /home/ubuntu/.local/share/heroku/cli/bin/heroku cmd: update
2016/09/27 11:22:14 heroku-cli/5.2.39-010a227 (linux-amd64) go1.6.2 /home/ubuntu/.local/share/heroku/cli/bin/heroku cmd: commands
2016/09/27 11:22:14 heroku-cli/5.2.39-010a227 (linux-amd64) go1.6.2 /home/ubuntu/.local/share/heroku/cli/bin/heroku cmd: login
2016/09/27 11:22:14 Email: 
2016/09/27 11:22:14 heroku-cli: Updating to 5.3.5-3e5cdd9...
2016/09/27 11:22:37 heroku-cli/5.2.39-010a227 (linux-amd64) go1.6.2 /home/ubuntu/.local/share/heroku/cli/bin/heroku cmd: version
2016/09/27 11:22:37 heroku-cli/5.2.39-010a227 (linux-amd64) go1.6.2 /home/ubuntu/.local/share/heroku/cli/bin/heroku cmd: commands
2016/09/27 11:22:37 heroku-cli/5.2.39-010a227 (linux-amd64) go1.6.2 /home/ubuntu/.local/share/heroku/cli/bin/heroku cmd: create
2016/09/27 11:22:38  ▸    rename /home/ubuntu/.local/share/heroku/cli /home/ubuntu/.local/share/heroku/tmp/012838781/heroku: invalid cross-device link
2016/09/27 11:22:38 rename /home/ubuntu/.local/share/heroku/cli /home/ubuntu/.local/share/heroku/tmp/012838781/heroku: invalid cross-device link

/home/ubuntu/.go_workspace/src/github.com/heroku/cli/io.go:333 (0x41a2ab)
/usr/local/go/src/runtime/asm_amd64.s:472 (0x48dbbe)
/usr/local/go/src/runtime/panic.go:443 (0x45ef09)
/home/ubuntu/.go_workspace/src/github.com/heroku/cli/io.go:189 (0x4190db)
/home/ubuntu/.go_workspace/src/github.com/heroku/cli/update.go:103 (0x428185)
/home/ubuntu/.go_workspace/src/github.com/heroku/cli/update.go:67 (0x42793c)
/home/ubuntu/.go_workspace/src/github.com/heroku/cli/update.go:50 (0x4276a0)
/home/ubuntu/.go_workspace/src/github.com/heroku/cli/update.go:33 (0x42ca65)
/home/ubuntu/.go_workspace/src/github.com/heroku/cli/start.go:70 (0x42579b)
/home/ubuntu/.go_workspace/src/github.com/heroku/cli/main.go:22 (0x41b6e1)
/usr/local/go/src/runtime/proc.go:188 (0x460a20)
/usr/local/go/src/runtime/asm_amd64.s:1998 (0x490291)

2016/09/27 11:23:07 heroku-cli/5.2.39-010a227 (linux-amd64) go1.6.2 /home/ubuntu/.local/share/heroku/cli/bin/heroku cmd: version
2016/09/27 11:23:07 heroku-cli/5.2.39-010a227 (linux-amd64) go1.6.2 /home/ubuntu/.local/share/heroku/cli/bin/heroku cmd: commands
2016/09/27 11:23:07 heroku-cli/5.2.39-010a227 (linux-amd64) go1.6.2 /home/ubuntu/.local/share/heroku/cli/bin/heroku cmd: create
2016/09/27 11:23:09 Error: Expected response to be successful, got 422
    at Request.handleFailure (/home/ubuntu/.local/share/heroku/cli/lib/node_modules/heroku-apps/node_modules/heroku-client/lib/request.js:240:11)
    at concat.then (/home/ubuntu/.local/share/heroku/cli/lib/node_modules/heroku-apps/node_modules/heroku-client/lib/request.js:131:16)
    at process._tickCallback (internal/process/next_tick.js:103:7)
2016/09/27 11:23:09 {"id":"invalid_params","message":"Name must start with a letter and can only contain lowercase letters, numbers, and dashes. You've reached the limit of 5 apps for unverified accounts. Delete some apps or add a credit card to verify your account."}
2016/09/27 11:23:23 heroku-cli/5.2.39-010a227 (linux-amd64) go1.6.2 /home/ubuntu/.local/share/heroku/cli/bin/heroku cmd: version
2016/09/27 11:23:23 heroku-cli/5.2.39-010a227 (linux-amd64) go1.6.2 /home/ubuntu/.local/share/heroku/cli/bin/heroku cmd: commands
2016/09/27 11:23:23 heroku-cli/5.2.39-010a227 (linux-amd64) go1.6.2 /home/ubuntu/.local/share/heroku/cli/bin/heroku cmd: create
2016/09/27 11:23:25 Error: Expected response to be successful, got 422
    at Request.handleFailure (/home/ubuntu/.local/share/heroku/cli/lib/node_modules/heroku-apps/node_modules/heroku-client/lib/request.js:240:11)
    at concat.then (/home/ubuntu/.local/share/heroku/cli/lib/node_modules/heroku-apps/node_modules/heroku-client/lib/request.js:131:16)
    at process._tickCallback (internal/process/next_tick.js:103:7)
2016/09/27 11:23:25 {"id":"invalid_params","message":"Name is already taken You've reached the limit of 5 apps for unverified accounts. Delete some apps or add a credit card to verify your account."}
2016/09/27 11:26:03 heroku-cli/5.2.39-010a227 (linux-amd64) go1.6.2 /home/ubuntu/.local/share/heroku/cli/bin/heroku cmd: version
2016/09/27 11:26:03 heroku-cli/5.2.39-010a227 (linux-amd64) go1.6.2 /home/ubuntu/.local/share/heroku/cli/bin/heroku cmd: commands
2016/09/27 11:26:03 heroku-cli/5.2.39-010a227 (linux-amd64) go1.6.2 /home/ubuntu/.local/share/heroku/cli/bin/heroku cmd: apps
2016/09/27 11:26:05 heroku-cli/5.2.39-010a227 (linux-amd64) go1.6.2 /home/ubuntu/.local/share/heroku/cli/bin/heroku cmd: version
2016/09/27 11:26:06 heroku-cli/5.2.39-010a227 (linux-amd64) go1.6.2 /home/ubuntu/.local/share/heroku/cli/bin/heroku cmd: commands
2016/09/27 11:26:06 heroku-cli/5.2.39-010a227 (linux-amd64) go1.6.2 /home/ubuntu/.local/share/heroku/cli/bin/heroku cmd: apps:destroy
2016/09/27 11:26:07 Error: Expected response to be successful, got 404
    at Request.handleFailure (/home/ubuntu/.local/share/heroku/cli/lib/node_modules/heroku-apps/node_modules/heroku-client/lib/request.js:240:11)
    at concat.then (/home/ubuntu/.local/share/heroku/cli/lib/node_modules/heroku-apps/node_modules/heroku-client/lib/request.js:131:16)
    at process._tickCallback (internal/process/next_tick.js:103:7)
2016/09/27 11:26:07 {"resource":"app","id":"not_found","message":"Couldn't find that app."}
2016/09/27 11:26:09 heroku-cli/5.2.39-010a227 (linux-amd64) go1.6.2 /home/ubuntu/.local/share/heroku/cli/bin/heroku cmd: version
2016/09/27 11:26:09 heroku-cli/5.2.39-010a227 (linux-amd64) go1.6.2 /home/ubuntu/.local/share/heroku/cli/bin/heroku cmd: commands
2016/09/27 11:26:09 heroku-cli/5.2.39-010a227 (linux-amd64) go1.6.2 /home/ubuntu/.local/share/heroku/cli/bin/heroku cmd: apps:destroy
2016/09/27 11:26:10 Error: Expected response to be successful, got 404
    at Request.handleFailure (/home/ubuntu/.local/share/heroku/cli/lib/node_modules/heroku-apps/node_modules/heroku-client/lib/request.js:240:11)
    at concat.then (/home/ubuntu/.local/share/heroku/cli/lib/node_modules/heroku-apps/node_modules/heroku-client/lib/request.js:131:16)
    at process._tickCallback (internal/process/next_tick.js:103:7)
2016/09/27 11:26:10 {"resource":"app","id":"not_found","message":"Couldn't find that app."}
2016/09/27 11:26:12 heroku-cli/5.2.39-010a227 (linux-amd64) go1.6.2 /home/ubuntu/.local/share/heroku/cli/bin/heroku cmd: version
2016/09/27 11:26:12 heroku-cli/5.2.39-010a227 (linux-amd64) go1.6.2 /home/ubuntu/.local/share/heroku/cli/bin/heroku cmd: commands
2016/09/27 11:26:12 heroku-cli/5.2.39-010a227 (linux-amd64) go1.6.2 /home/ubuntu/.local/share/heroku/cli/bin/heroku cmd: apps:destroy
2016/09/27 11:26:14 Error: Expected response to be successful, got 404
    at Request.handleFailure (/home/ubuntu/.local/share/heroku/cli/lib/node_modules/heroku-apps/node_modules/heroku-client/lib/request.js:240:11)
    at concat.then (/home/ubuntu/.local/share/heroku/cli/lib/node_modules/heroku-apps/node_modules/heroku-client/lib/request.js:131:16)
    at process._tickCallback (internal/process/next_tick.js:103:7)
2016/09/27 11:26:14 {"resource":"app","id":"not_found","message":"Couldn't find that app."}
2016/09/27 11:26:16 heroku-cli/5.2.39-010a227 (linux-amd64) go1.6.2 /home/ubuntu/.local/share/heroku/cli/bin/heroku cmd: version
2016/09/27 11:26:16 heroku-cli/5.2.39-010a227 (linux-amd64) go1.6.2 /home/ubuntu/.local/share/heroku/cli/bin/heroku cmd: commands
2016/09/27 11:26:16 heroku-cli/5.2.39-010a227 (linux-amd64) go1.6.2 /home/ubuntu/.local/share/heroku/cli/bin/heroku cmd: apps:destroy
2016/09/27 11:26:19 heroku-cli/5.2.39-010a227 (linux-amd64) go1.6.2 /home/ubuntu/.local/share/heroku/cli/bin/heroku cmd: version
2016/09/27 11:26:19 heroku-cli/5.2.39-010a227 (linux-amd64) go1.6.2 /home/ubuntu/.local/share/heroku/cli/bin/heroku cmd: commands
2016/09/27 11:26:20 heroku-cli/5.2.39-010a227 (linux-amd64) go1.6.2 /home/ubuntu/.local/share/heroku/cli/bin/heroku cmd: apps:destroy
2016/09/27 11:26:23 heroku-cli/5.2.39-010a227 (linux-amd64) go1.6.2 /home/ubuntu/.local/share/heroku/cli/bin/heroku cmd: version
2016/09/27 11:26:23 heroku-cli/5.2.39-010a227 (linux-amd64) go1.6.2 /home/ubuntu/.local/share/heroku/cli/bin/heroku cmd: commands
2016/09/27 11:26:23 heroku-cli/5.2.39-010a227 (linux-amd64) go1.6.2 /home/ubuntu/.local/share/heroku/cli/bin/heroku cmd: apps:destroy
2016/09/27 11:26:27 heroku-cli/5.2.39-010a227 (linux-amd64) go1.6.2 /home/ubuntu/.local/share/heroku/cli/bin/heroku cmd: version
2016/09/27 11:26:27 heroku-cli/5.2.39-010a227 (linux-amd64) go1.6.2 /home/ubuntu/.local/share/heroku/cli/bin/heroku cmd: commands
2016/09/27 11:26:27 heroku-cli/5.2.39-010a227 (linux-amd64) go1.6.2 /home/ubuntu/.local/share/heroku/cli/bin/heroku cmd: apps:destroy
2016/09/27 11:26:31 heroku-cli/5.2.39-010a227 (linux-amd64) go1.6.2 /home/ubuntu/.local/share/heroku/cli/bin/heroku cmd: version
2016/09/27 11:26:31 heroku-cli/5.2.39-010a227 (linux-amd64) go1.6.2 /home/ubuntu/.local/share/heroku/cli/bin/heroku cmd: commands
2016/09/27 11:26:31 heroku-cli/5.2.39-010a227 (linux-amd64) go1.6.2 /home/ubuntu/.local/share/heroku/cli/bin/heroku cmd: apps:destroy
2016/09/27 11:27:01 heroku-cli/5.2.39-010a227 (linux-amd64) go1.6.2 /home/ubuntu/.local/share/heroku/cli/bin/heroku cmd: version
2016/09/27 11:27:01 heroku-cli/5.2.39-010a227 (linux-amd64) go1.6.2 /home/ubuntu/.local/share/heroku/cli/bin/heroku cmd: commands
2016/09/27 11:27:02 heroku-cli/5.2.39-010a227 (linux-amd64) go1.6.2 /home/ubuntu/.local/share/heroku/cli/bin/heroku cmd: create
2016/09/27 11:27:03 Error: Expected response to be successful, got 422
    at Request.handleFailure (/home/ubuntu/.local/share/heroku/cli/lib/node_modules/heroku-apps/node_modules/heroku-client/lib/request.js:240:11)
    at concat.then (/home/ubuntu/.local/share/heroku/cli/lib/node_modules/heroku-apps/node_modules/heroku-client/lib/request.js:131:16)
    at process._tickCallback (internal/process/next_tick.js:103:7)
2016/09/27 11:27:03 {"id":"invalid_params","message":"Name is already taken"}
2016/09/27 11:27:37 heroku-cli/5.2.39-010a227 (linux-amd64) go1.6.2 /home/ubuntu/.local/share/heroku/cli/bin/heroku cmd: version
2016/09/27 11:27:37 heroku-cli/5.2.39-010a227 (linux-amd64) go1.6.2 /home/ubuntu/.local/share/heroku/cli/bin/heroku cmd: commands
2016/09/27 11:27:37 heroku-cli/5.2.39-010a227 (linux-amd64) go1.6.2 /home/ubuntu/.local/share/heroku/cli/bin/heroku cmd: create
2016/09/27 11:27:39 Error: Expected response to be successful, got 422
    at Request.handleFailure (/home/ubuntu/.local/share/heroku/cli/lib/node_modules/heroku-apps/node_modules/heroku-client/lib/request.js:240:11)
    at concat.then (/home/ubuntu/.local/share/heroku/cli/lib/node_modules/heroku-apps/node_modules/heroku-client/lib/request.js:131:16)
    at process._tickCallback (internal/process/next_tick.js:103:7)
2016/09/27 11:27:39 {"id":"invalid_params","message":"Name must start with a letter and can only contain lowercase letters, numbers, and dashes."}
2016/09/27 11:27:51 heroku-cli/5.2.39-010a227 (linux-amd64) go1.6.2 /home/ubuntu/.local/share/heroku/cli/bin/heroku cmd: version
2016/09/27 11:27:51 heroku-cli/5.2.39-010a227 (linux-amd64) go1.6.2 /home/ubuntu/.local/share/heroku/cli/bin/heroku cmd: commands
2016/09/27 11:27:51 heroku-cli/5.2.39-010a227 (linux-amd64) go1.6.2 /home/ubuntu/.local/share/heroku/cli/bin/heroku cmd: create
2016/09/27 11:29:07 heroku-cli/5.2.39-010a227 (linux-amd64) go1.6.2 /home/ubuntu/.local/share/heroku/cli/bin/heroku cmd: version
2016/09/27 11:29:07 heroku-cli/5.2.39-010a227 (linux-amd64) go1.6.2 /home/ubuntu/.local/share/heroku/cli/bin/heroku cmd: commands
2016/09/27 11:29:07 heroku-cli/5.2.39-010a227 (linux-amd64) go1.6.2 /home/ubuntu/.local/share/heroku/cli/bin/heroku cmd: git:remote
2016/09/27 11:37:46 heroku-cli/5.2.39-010a227 (linux-amd64) go1.6.2 /home/ubuntu/.local/share/heroku/cli/bin/heroku cmd: version
2016/09/27 11:37:46 heroku-cli/5.2.39-010a227 (linux-amd64) go1.6.2 /home/ubuntu/.local/share/heroku/cli/bin/heroku cmd: commands
2016/09/27 11:37:46 heroku-cli/5.2.39-010a227 (linux-amd64) go1.6.2 /home/ubuntu/.local/share/heroku/cli/bin/heroku cmd: create
2016/09/27 11:39:44 heroku-cli/5.2.39-010a227 (linux-amd64) go1.6.2 /home/ubuntu/.local/share/heroku/cli/bin/heroku cmd: version
2016/09/27 11:39:44 heroku-cli/5.2.39-010a227 (linux-amd64) go1.6.2 /home/ubuntu/.local/share/heroku/cli/bin/heroku cmd: commands
2016/09/27 11:39:44 heroku-cli/5.2.39-010a227 (linux-amd64) go1.6.2 /home/ubuntu/.local/share/heroku/cli/bin/heroku cmd: apps
2016/09/27 11:39:48 heroku-cli/5.2.39-010a227 (linux-amd64) go1.6.2 /home/ubuntu/.local/share/heroku/cli/bin/heroku cmd: version
2016/09/27 11:39:48 heroku-cli/5.2.39-010a227 (linux-amd64) go1.6.2 /home/ubuntu/.local/share/heroku/cli/bin/heroku cmd: commands
2016/09/27 11:39:48 heroku-cli/5.2.39-010a227 (linux-amd64) go1.6.2 /home/ubuntu/.local/share/heroku/cli/bin/heroku cmd: apps:destroy
2016/09/27 11:39:50 Error: Expected response to be successful, got 404
    at Request.handleFailure (/home/ubuntu/.local/share/heroku/cli/lib/node_modules/heroku-apps/node_modules/heroku-client/lib/request.js:240:11)
    at concat.then (/home/ubuntu/.local/share/heroku/cli/lib/node_modules/heroku-apps/node_modules/heroku-client/lib/request.js:131:16)
    at process._tickCallback (internal/process/next_tick.js:103:7)
2016/09/27 11:39:50 {"resource":"app","id":"not_found","message":"Couldn't find that app."}
2016/09/27 11:39:52 heroku-cli/5.2.39-010a227 (linux-amd64) go1.6.2 /home/ubuntu/.local/share/heroku/cli/bin/heroku cmd: version
2016/09/27 11:39:52 heroku-cli/5.2.39-010a227 (linux-amd64) go1.6.2 /home/ubuntu/.local/share/heroku/cli/bin/heroku cmd: commands
2016/09/27 11:39:52 heroku-cli/5.2.39-010a227 (linux-amd64) go1.6.2 /home/ubuntu/.local/share/heroku/cli/bin/heroku cmd: apps:destroy
2016/09/27 11:39:54 Error: Expected response to be successful, got 404
    at Request.handleFailure (/home/ubuntu/.local/share/heroku/cli/lib/node_modules/heroku-apps/node_modules/heroku-client/lib/request.js:240:11)
    at concat.then (/home/ubuntu/.local/share/heroku/cli/lib/node_modules/heroku-apps/node_modules/heroku-client/lib/request.js:131:16)
    at process._tickCallback (internal/process/next_tick.js:103:7)
2016/09/27 11:39:54 {"resource":"app","id":"not_found","message":"Couldn't find that app."}
2016/09/27 11:39:56 heroku-cli/5.2.39-010a227 (linux-amd64) go1.6.2 /home/ubuntu/.local/share/heroku/cli/bin/heroku cmd: version
2016/09/27 11:39:56 heroku-cli/5.2.39-010a227 (linux-amd64) go1.6.2 /home/ubuntu/.local/share/heroku/cli/bin/heroku cmd: commands
2016/09/27 11:39:56 heroku-cli/5.2.39-010a227 (linux-amd64) go1.6.2 /home/ubuntu/.local/share/heroku/cli/bin/heroku cmd: apps:destroy
2016/09/27 11:39:57 Error: Expected response to be successful, got 404
    at Request.handleFailure (/home/ubuntu/.local/share/heroku/cli/lib/node_modules/heroku-apps/node_modules/heroku-client/lib/request.js:240:11)
    at concat.then (/home/ubuntu/.local/share/heroku/cli/lib/node_modules/heroku-apps/node_modules/heroku-client/lib/request.js:131:16)
    at process._tickCallback (internal/process/next_tick.js:103:7)
2016/09/27 11:39:57 {"resource":"app","id":"not_found","message":"Couldn't find that app."}
2016/09/27 11:39:59 heroku-cli/5.2.39-010a227 (linux-amd64) go1.6.2 /home/ubuntu/.local/share/heroku/cli/bin/heroku cmd: version
2016/09/27 11:40:00 heroku-cli/5.2.39-010a227 (linux-amd64) go1.6.2 /home/ubuntu/.local/share/heroku/cli/bin/heroku cmd: commands
2016/09/27 11:40:00 heroku-cli/5.2.39-010a227 (linux-amd64) go1.6.2 /home/ubuntu/.local/share/heroku/cli/bin/heroku cmd: apps:destroy
2016/09/27 11:40:04 heroku-cli/5.2.39-010a227 (linux-amd64) go1.6.2 /home/ubuntu/.local/share/heroku/cli/bin/heroku cmd: version
2016/09/27 11:40:04 heroku-cli/5.2.39-010a227 (linux-amd64) go1.6.2 /home/ubuntu/.local/share/heroku/cli/bin/heroku cmd: commands
2016/09/27 11:40:04 heroku-cli/5.2.39-010a227 (linux-amd64) go1.6.2 /home/ubuntu/.local/share/heroku/cli/bin/heroku cmd: apps:destroy
2016/09/27 11:40:26 heroku-cli/5.2.39-010a227 (linux-amd64) go1.6.2 /home/ubuntu/.local/share/heroku/cli/bin/heroku cmd: version
2016/09/27 11:40:26 heroku-cli/5.2.39-010a227 (linux-amd64) go1.6.2 /home/ubuntu/.local/share/heroku/cli/bin/heroku cmd: commands
2016/09/27 11:40:27 heroku-cli/5.2.39-010a227 (linux-amd64) go1.6.2 /home/ubuntu/.local/share/heroku/cli/bin/heroku cmd: create
2016/09/27 11:41:45 heroku-cli/5.2.39-010a227 (linux-amd64) go1.6.2 /home/ubuntu/.local/share/heroku/cli/bin/heroku cmd: version
2016/09/27 11:41:45 heroku-cli/5.2.39-010a227 (linux-amd64) go1.6.2 /home/ubuntu/.local/share/heroku/cli/bin/heroku cmd: commands
2016/09/27 11:41:45 heroku-cli/5.2.39-010a227 (linux-amd64) go1.6.2 /home/ubuntu/.local/share/heroku/cli/bin/heroku cmd: buildpacks:set
2016/09/28 05:43:20 heroku-cli/5.2.39-010a227 (linux-amd64) go1.6.2 /home/ubuntu/.local/share/heroku/cli/bin/heroku cmd: version
2016/09/28 05:43:20 triggering background update
2016/09/28 05:43:20 heroku-cli/5.2.39-010a227 (linux-amd64) go1.6.2 /home/ubuntu/.local/share/heroku/cli/bin/heroku cmd: update
2016/09/28 05:43:20 heroku-cli/5.2.39-010a227 (linux-amd64) go1.6.2 /home/ubuntu/.local/share/heroku/cli/bin/heroku cmd: commands
2016/09/28 05:43:20 heroku-cli/5.2.39-010a227 (linux-amd64) go1.6.2 /home/ubuntu/.local/share/heroku/cli/bin/heroku cmd: git:remote
2016/09/28 05:43:21 heroku-cli: Updating to 5.4.1-ae9db27...
2016/09/28 05:43:42  ▸    rename /home/ubuntu/.local/share/heroku/cli /home/ubuntu/.local/share/heroku/tmp/455873394/heroku: invalid cross-device link
2016/09/28 05:43:42 rename /home/ubuntu/.local/share/heroku/cli /home/ubuntu/.local/share/heroku/tmp/455873394/heroku: invalid cross-device link

/home/ubuntu/.go_workspace/src/github.com/heroku/cli/io.go:333 (0x41a2ab)
/usr/local/go/src/runtime/asm_amd64.s:472 (0x48dbbe)
/usr/local/go/src/runtime/panic.go:443 (0x45ef09)
/home/ubuntu/.go_workspace/src/github.com/heroku/cli/io.go:189 (0x4190db)
/home/ubuntu/.go_workspace/src/github.com/heroku/cli/update.go:103 (0x428185)
/home/ubuntu/.go_workspace/src/github.com/heroku/cli/update.go:67 (0x42793c)
/home/ubuntu/.go_workspace/src/github.com/heroku/cli/update.go:50 (0x4276a0)
/home/ubuntu/.go_workspace/src/github.com/heroku/cli/update.go:33 (0x42ca65)
/home/ubuntu/.go_workspace/src/github.com/heroku/cli/start.go:70 (0x42579b)
/home/ubuntu/.go_workspace/src/github.com/heroku/cli/main.go:22 (0x41b6e1)
/usr/local/go/src/runtime/proc.go:188 (0x460a20)
/usr/local/go/src/runtime/asm_amd64.s:1998 (0x490291)

